<?xml version="1.0" encoding="UTF-8"?>
<!-- Generated by org.testng.reporters.JUnitReportReporter -->
<testsuite hostname="LAPTOP-A85QRBEH" failures="0" tests="2" name="runners.TestRunner" time="5.897" errors="1" timestamp="2025-09-15T19:17:00 IST" skipped="0">
  <testcase classname="runners.TestRunner" name="runScenario" time="1.087">
    <error type="java.lang.NullPointerException">
      <![CDATA[java.lang.NullPointerException
at java.base/java.util.Objects.requireNonNull(Objects.java:233)
at java.base/java.util.ImmutableCollections$Map1.<init>(ImmutableCollections.java:1112)
at java.base/java.util.Map.of(Map.java:1365)
at org.openqa.selenium.remote.DriverCommand.GET(DriverCommand.java:174)
at org.openqa.selenium.remote.RemoteWebDriver.get(RemoteWebDriver.java:325)
at hooks.Hooks.setUp(Hooks.java:41)
]]>
    </error>
  </testcase> <!-- runScenario -->
  <testcase classname="runners.TestRunner" name="runScenario" time="4.810"/>
</testsuite> <!-- runners.TestRunner -->
